basic.language
wookiee.language
twilek.language
rodian.language
hutt.language
moncalamari.language
noghri.language
gamorrean.language
jawa.language
adarian.language
ewok.language
verpine.language
defel.language
trandoshan.language
shistavanan.language
binary.language
duinuogwuin.language
csillian.language
keldor.language
bothan.language
barabel.language
ithorian.language
devaronian.language
durosian.language
gotal.language
talzzi.language
hodin.language
falleen.language
givin.language
clan.language
Zabrak.language
ugnaught.language
$
