A-Wing.proto
X-Wing.proto
Y-Wing.proto
B-Wing.proto
TIEInterceptor.proto
TIEFighter.proto
TIEDefender.proto
TIEBomber.proto
Z-95Headhunter.proto
Z-100Centurion.proto
Z-105HarpoonFighter-Bomber.proto
R-41Starchaser.proto
Shuttle.proto
T-Wing.proto
TIEScout.proto
AssaultGunboat.proto
MissileBoat.proto
E-Wing.proto
YT-1300.proto
YT-2000.proto
YT-2400.proto
Maccrowfreighter.proto
SkiprayBlastboat.proto
CR90CorellianCorvette.proto
RepublicTransport.proto
NebulanBFrigate.proto
ISDImperialStarDestroyer.proto
SSDSuperStarDestroyer.proto
SorosuubSystemHopper.proto
$
